<?xml version="1.0" encoding="UTF-8"?>
<!-- Generated by org.testng.reporters.JUnitReportReporter -->
<testsuite hostname="LT-CND42930X7" name="com.unicorn.UnicornExecute" tests="1" failures="0" timestamp="5 Jul 2017 07:13:51 GMT" time="6.364" errors="0">
  <testcase name="launch_browser" time="6.364" classname="com.unicorn.UnicornExecute"/>
</testsuite> <!-- com.unicorn.UnicornExecute -->
